<?xml version="1.0" encoding="utf-8"?><testsuites name="pytest tests"><testsuite name="pytest" errors="0" failures="0" skipped="0" tests="12" time="5.689" timestamp="2026-04-23T15:52:22.242746+00:00" hostname="agent-env-e0672dd0-f94a-49b9-8527-8fe597648f7c"><testcase classname="backend.tests.backend_test" name="test_root_ok" time="0.187" /><testcase classname="backend.tests.backend_test" name="test_profile_create_and_get" time="0.107" /><testcase classname="backend.tests.backend_test" name="test_profile_upsert_singleton" time="0.107" /><testcase classname="backend.tests.backend_test" name="test_profile_validation" time="0.054" /><testcase classname="backend.tests.backend_test" name="test_list_recipes_seeded" time="0.066" /><testcase classname="backend.tests.backend_test" name="test_filter_breakfast" time="0.056" /><testcase classname="backend.tests.backend_test" name="test_search_khichdi" time="0.052" /><testcase classname="backend.tests.backend_test" name="test_recipe_detail" time="0.118" /><testcase classname="backend.tests.backend_test" name="test_recipe_not_found" time="0.057" /><testcase classname="backend.tests.backend_test" name="test_growth_assessment" time="0.056" /><testcase classname="backend.tests.backend_test" name="test_meal_plan_generate" time="4.592" /><testcase classname="backend.tests.backend_test" name="test_meal_plan_latest" time="0.057" /></testsuite></testsuites>